# JRE version: OpenJDK Runtime Environment (7.0_79-b14) (build 1.7.0_79-b14)
# Java VM: OpenJDK 64-Bit Server VM (24.79-b02 mixed mode linux-amd64 compressed oops)
Heap
 PSYoungGen      total 30720K, used 9356K [0x00000000dae00000, 0x00000000dd900000, 0x0000000100000000)
  eden space 27648K, 23% used [0x00000000dae00000,0x00000000db43cef8,0x00000000dc900000)
  from space 3072K, 96% used [0x00000000dc980000,0x00000000dcc66190,0x00000000dcc80000)
  to   space 8192K, 0% used [0x00000000dd100000,0x00000000dd100000,0x00000000dd900000)
 ParOldGen       total 75776K, used 6872K [0x0000000090a00000, 0x0000000095400000, 0x00000000dae00000)
  object space 75776K, 9% used [0x0000000090a00000,0x00000000910b6100,0x0000000095400000)
 PSPermGen       total 22528K, used 22146K [0x0000000086400000, 0x0000000087a00000, 0x0000000090a00000)
  object space 22528K, 98% used [0x0000000086400000,0x00000000879a0858,0x0000000087a00000)
GC Heap History (10 events):
Event: 62,597 GC heap before
{Heap before GC invocations=3 (full 0):
 PSYoungGen      total 33792K, used 33780K [0x00000000dae00000, 0x00000000dd380000, 0x0000000100000000)
  eden space 29184K, 100% used [0x00000000dae00000,0x00000000dca80000,0x00000000dca80000)
  from space 4608K, 99% used [0x00000000dcf00000,0x00000000dd37d120,0x00000000dd380000)
  to   space 4608K, 0% used [0x00000000dca80000,0x00000000dca80000,0x00000000dcf00000)
 ParOldGen       total 75776K, used 1702K [0x0000000090a00000, 0x0000000095400000, 0x00000000dae00000)
  object space 75776K, 2% used [0x0000000090a00000,0x0000000090ba98f0,0x0000000095400000)
 PSPermGen       total 21504K, used 20526K [0x0000000086400000, 0x0000000087900000, 0x0000000090a00000)
  object space 21504K, 95% used [0x0000000086400000,0x000000008780bb70,0x0000000087900000)
Event: 62,616 GC heap after
Heap after GC invocations=3 (full 0):
 PSYoungGen      total 33792K, used 4580K [0x00000000dae00000, 0x00000000dd380000, 0x0000000100000000)
  eden space 29184K, 0% used [0x00000000dae00000,0x00000000dae00000,0x00000000dca80000)
  from space 4608K, 99% used [0x00000000dca80000,0x00000000dcef9110,0x00000000dcf00000)
  to   space 4608K, 0% used [0x00000000dcf00000,0x00000000dcf00000,0x00000000dd380000)
 ParOldGen       total 75776K, used 4237K [0x0000000090a00000, 0x0000000095400000, 0x00000000dae00000)
  object space 75776K, 5% used [0x0000000090a00000,0x0000000090e236b0,0x0000000095400000)
 PSPermGen       total 21504K, used 20526K [0x0000000086400000, 0x0000000087900000, 0x0000000090a00000)
  object space 21504K, 95% used [0x0000000086400000,0x000000008780bb70,0x0000000087900000)
}
Event: 68,494 GC heap before
{Heap before GC invocations=4 (full 0):
 PSYoungGen      total 33792K, used 31186K [0x00000000dae00000, 0x00000000dd380000, 0x0000000100000000)
  eden space 29184K, 91% used [0x00000000dae00000,0x00000000dc7fb800,0x00000000dca80000)
  from space 4608K, 99% used [0x00000000dca80000,0x00000000dcef9110,0x00000000dcf00000)
  to   space 4608K, 0% used [0x00000000dcf00000,0x00000000dcf00000,0x00000000dd380000)
 ParOldGen       total 75776K, used 4237K [0x0000000090a00000, 0x0000000095400000, 0x00000000dae00000)
  object space 75776K, 5% used [0x0000000090a00000,0x0000000090e236b0,0x0000000095400000)
 PSPermGen       total 21504K, used 21104K [0x0000000086400000, 0x0000000087900000, 0x0000000090a00000)
  object space 21504K, 98% used [0x0000000086400000,0x000000008789c1a0,0x0000000087900000)
Event: 68,504 GC heap after
Heap after GC invocations=4 (full 0):
 PSYoungGen      total 33792K, used 2504K [0x00000000dae00000, 0x00000000dd380000, 0x0000000100000000)
  eden space 29184K, 0% used [0x00000000dae00000,0x00000000dae00000,0x00000000dca80000)
  from space 4608K, 54% used [0x00000000dcf00000,0x00000000dd172100,0x00000000dd380000)
  to   space 4608K, 0% used [0x00000000dca80000,0x00000000dca80000,0x00000000dcf00000)
 ParOldGen       total 75776K, used 4245K [0x0000000090a00000, 0x0000000095400000, 0x00000000dae00000)
  object space 75776K, 5% used [0x0000000090a00000,0x0000000090e256b0,0x0000000095400000)
 PSPermGen       total 21504K, used 21104K [0x0000000086400000, 0x0000000087900000, 0x0000000090a00000)
  object space 21504K, 98% used [0x0000000086400000,0x000000008789c1a0,0x0000000087900000)
}
Event: 82,235 GC heap before
{Heap before GC invocations=5 (full 0):
 PSYoungGen      total 33792K, used 31688K [0x00000000dae00000, 0x00000000dd380000, 0x0000000100000000)
  eden space 29184K, 100% used [0x00000000dae00000,0x00000000dca80000,0x00000000dca80000)
  from space 4608K, 54% used [0x00000000dcf00000,0x00000000dd172100,0x00000000dd380000)
  to   space 4608K, 0% used [0x00000000dca80000,0x00000000dca80000,0x00000000dcf00000)
 ParOldGen       total 75776K, used 4245K [0x0000000090a00000, 0x0000000095400000, 0x00000000dae00000)
  object space 75776K, 5% used [0x0000000090a00000,0x0000000090e256b0,0x0000000095400000)
 PSPermGen       total 22528K, used 22109K [0x0000000086400000, 0x0000000087a00000, 0x0000000090a00000)
  object space 22528K, 98% used [0x0000000086400000,0x0000000087997700,0x0000000087a00000)
Event: 82,248 GC heap after
Heap after GC invocations=5 (full 0):
 PSYoungGen      total 33280K, used 4598K [0x00000000dae00000, 0x00000000ddb00000, 0x0000000100000000)
  eden space 28672K, 0% used [0x00000000dae00000,0x00000000dae00000,0x00000000dca00000)
  from space 4608K, 99% used [0x00000000dca80000,0x00000000dcefda80,0x00000000dcf00000)
  to   space 8704K, 0% used [0x00000000dd280000,0x00000000dd280000,0x00000000ddb00000)
 ParOldGen       total 75776K, used 5207K [0x0000000090a00000, 0x0000000095400000, 0x00000000dae00000)
  object space 75776K, 6% used [0x0000000090a00000,0x0000000090f15db8,0x0000000095400000)
 PSPermGen       total 22528K, used 22109K [0x0000000086400000, 0x0000000087a00000, 0x0000000090a00000)
  object space 22528K, 98% used [0x0000000086400000,0x0000000087997700,0x0000000087a00000)
}
Event: 100,005 GC heap before
{Heap before GC invocations=6 (full 0):
 PSYoungGen      total 33280K, used 33270K [0x00000000dae00000, 0x00000000ddb00000, 0x0000000100000000)
  eden space 28672K, 100% used [0x00000000dae00000,0x00000000dca00000,0x00000000dca00000)
  from space 4608K, 99% used [0x00000000dca80000,0x00000000dcefda80,0x00000000dcf00000)
  to   space 8704K, 0% used [0x00000000dd280000,0x00000000dd280000,0x00000000ddb00000)
 ParOldGen       total 75776K, used 5207K [0x0000000090a00000, 0x0000000095400000, 0x00000000dae00000)
  object space 75776K, 6% used [0x0000000090a00000,0x0000000090f15db8,0x0000000095400000)
 PSPermGen       total 22528K, used 22109K [0x0000000086400000, 0x0000000087a00000, 0x0000000090a00000)
  object space 22528K, 98% used [0x0000000086400000,0x0000000087997700,0x0000000087a00000)
Event: 100,026 GC heap after
Heap after GC invocations=6 (full 0):
 PSYoungGen      total 35328K, used 4626K [0x00000000dae00000, 0x00000000dd980000, 0x0000000100000000)
  eden space 28160K, 0% used [0x00000000dae00000,0x00000000dae00000,0x00000000dc980000)
  from space 7168K, 64% used [0x00000000dd280000,0x00000000dd704a80,0x00000000dd980000)
  to   space 8192K, 0% used [0x00000000dc980000,0x00000000dc980000,0x00000000dd180000)
 ParOldGen       total 75776K, used 5207K [0x0000000090a00000, 0x0000000095400000, 0x00000000dae00000)
  object space 75776K, 6% used [0x0000000090a00000,0x0000000090f15db8,0x0000000095400000)
 PSPermGen       total 22528K, used 22109K [0x0000000086400000, 0x0000000087a00000, 0x0000000090a00000)
  object space 22528K, 98% used [0x0000000086400000,0x0000000087997700,0x0000000087a00000)
}
Event: 122,660 GC heap before
{Heap before GC invocations=7 (full 0):
 PSYoungGen      total 35328K, used 32786K [0x00000000dae00000, 0x00000000dd980000, 0x0000000100000000)
  eden space 28160K, 100% used [0x00000000dae00000,0x00000000dc980000,0x00000000dc980000)
  from space 7168K, 64% used [0x00000000dd280000,0x00000000dd704a80,0x00000000dd980000)
  to   space 8192K, 0% used [0x00000000dc980000,0x00000000dc980000,0x00000000dd180000)
 ParOldGen       total 75776K, used 5207K [0x0000000090a00000, 0x0000000095400000, 0x00000000dae00000)
  object space 75776K, 6% used [0x0000000090a00000,0x0000000090f15db8,0x0000000095400000)
 PSPermGen       total 22528K, used 22109K [0x0000000086400000, 0x0000000087a00000, 0x0000000090a00000)
  object space 22528K, 98% used [0x0000000086400000,0x0000000087997700,0x0000000087a00000)
Event: 122,679 GC heap after
Heap after GC invocations=7 (full 0):
 PSYoungGen      total 30720K, used 2968K [0x00000000dae00000, 0x00000000dd900000, 0x0000000100000000)
  eden space 27648K, 0% used [0x00000000dae00000,0x00000000dae00000,0x00000000dc900000)
  from space 3072K, 96% used [0x00000000dc980000,0x00000000dcc66190,0x00000000dcc80000)
  to   space 8192K, 0% used [0x00000000dd100000,0x00000000dd100000,0x00000000dd900000)
 ParOldGen       total 75776K, used 6872K [0x0000000090a00000, 0x0000000095400000, 0x00000000dae00000)
  object space 75776K, 9% used [0x0000000090a00000,0x00000000910b6100,0x0000000095400000)
 PSPermGen       total 22528K, used 22109K [0x0000000086400000, 0x0000000087a00000, 0x0000000090a00000)
  object space 22528K, 98% used [0x0000000086400000,0x0000000087997700,0x0000000087a00000)
}

