# JRE version: OpenJDK Runtime Environment (7.0_79-b14) (build 1.7.0_79-b14)
# Java VM: OpenJDK 64-Bit Server VM (24.79-b02 mixed mode linux-amd64 compressed oops)
Heap
 PSYoungGen      total 213504K, used 124051K [0x00000000dae00000, 0x00000000fd280000, 0x0000000100000000)
  eden space 212992K, 58% used [0x00000000dae00000,0x00000000e2714f68,0x00000000e7e00000)
  from space 512K, 12% used [0x00000000fd200000,0x00000000fd210000,0x00000000fd280000)
  to   space 512K, 0% used [0x00000000fd180000,0x00000000fd180000,0x00000000fd200000)
 ParOldGen       total 75776K, used 6385K [0x0000000090a00000, 0x0000000095400000, 0x00000000dae00000)
  object space 75776K, 8% used [0x0000000090a00000,0x000000009103c718,0x0000000095400000)
 PSPermGen       total 21504K, used 21078K [0x0000000086400000, 0x0000000087900000, 0x0000000090a00000)
  object space 21504K, 98% used [0x0000000086400000,0x0000000087895898,0x0000000087900000)
GC Heap History (10 events):
Event: 143,829 GC heap before
{Heap before GC invocations=62 (full 0):
 PSYoungGen      total 267264K, used 266784K [0x00000000dae00000, 0x00000000fd280000, 0x0000000100000000)
  eden space 266752K, 100% used [0x00000000dae00000,0x00000000eb280000,0x00000000eb280000)
  from space 512K, 6% used [0x00000000fd180000,0x00000000fd188000,0x00000000fd200000)
  to   space 512K, 0% used [0x00000000fd200000,0x00000000fd200000,0x00000000fd280000)
 ParOldGen       total 75776K, used 6353K [0x0000000090a00000, 0x0000000095400000, 0x00000000dae00000)
  object space 75776K, 8% used [0x0000000090a00000,0x0000000091034718,0x0000000095400000)
 PSPermGen       total 21504K, used 19076K [0x0000000086400000, 0x0000000087900000, 0x0000000090a00000)
  object space 21504K, 88% used [0x0000000086400000,0x00000000876a10f0,0x0000000087900000)
Event: 143,830 GC heap after
Heap after GC invocations=62 (full 0):
 PSYoungGen      total 255488K, used 32K [0x00000000dae00000, 0x00000000fd280000, 0x0000000100000000)
  eden space 254976K, 0% used [0x00000000dae00000,0x00000000dae00000,0x00000000ea700000)
  from space 512K, 6% used [0x00000000fd200000,0x00000000fd208000,0x00000000fd280000)
  to   space 512K, 0% used [0x00000000fd180000,0x00000000fd180000,0x00000000fd200000)
 ParOldGen       total 75776K, used 6361K [0x0000000090a00000, 0x0000000095400000, 0x00000000dae00000)
  object space 75776K, 8% used [0x0000000090a00000,0x0000000091036718,0x0000000095400000)
 PSPermGen       total 21504K, used 19076K [0x0000000086400000, 0x0000000087900000, 0x0000000090a00000)
  object space 21504K, 88% used [0x0000000086400000,0x00000000876a10f0,0x0000000087900000)
}
Event: 144,013 GC heap before
{Heap before GC invocations=63 (full 0):
 PSYoungGen      total 255488K, used 255008K [0x00000000dae00000, 0x00000000fd280000, 0x0000000100000000)
  eden space 254976K, 100% used [0x00000000dae00000,0x00000000ea700000,0x00000000ea700000)
  from space 512K, 6% used [0x00000000fd200000,0x00000000fd208000,0x00000000fd280000)
  to   space 512K, 0% used [0x00000000fd180000,0x00000000fd180000,0x00000000fd200000)
 ParOldGen       total 75776K, used 6361K [0x0000000090a00000, 0x0000000095400000, 0x00000000dae00000)
  object space 75776K, 8% used [0x0000000090a00000,0x0000000091036718,0x0000000095400000)
 PSPermGen       total 21504K, used 19076K [0x0000000086400000, 0x0000000087900000, 0x0000000090a00000)
  object space 21504K, 88% used [0x0000000086400000,0x00000000876a10f0,0x0000000087900000)
Event: 144,015 GC heap after
Heap after GC invocations=63 (full 0):
 PSYoungGen      total 244224K, used 32K [0x00000000dae00000, 0x00000000fd280000, 0x0000000100000000)
  eden space 243712K, 0% used [0x00000000dae00000,0x00000000dae00000,0x00000000e9c00000)
  from space 512K, 6% used [0x00000000fd180000,0x00000000fd188000,0x00000000fd200000)
  to   space 512K, 0% used [0x00000000fd200000,0x00000000fd200000,0x00000000fd280000)
 ParOldGen       total 75776K, used 6369K [0x0000000090a00000, 0x0000000095400000, 0x00000000dae00000)
  object space 75776K, 8% used [0x0000000090a00000,0x0000000091038718,0x0000000095400000)
 PSPermGen       total 21504K, used 19076K [0x0000000086400000, 0x0000000087900000, 0x0000000090a00000)
  object space 21504K, 88% used [0x0000000086400000,0x00000000876a10f0,0x0000000087900000)
}
Event: 144,194 GC heap before
{Heap before GC invocations=64 (full 0):
 PSYoungGen      total 244224K, used 243744K [0x00000000dae00000, 0x00000000fd280000, 0x0000000100000000)
  eden space 243712K, 100% used [0x00000000dae00000,0x00000000e9c00000,0x00000000e9c00000)
  from space 512K, 6% used [0x00000000fd180000,0x00000000fd188000,0x00000000fd200000)
  to   space 512K, 0% used [0x00000000fd200000,0x00000000fd200000,0x00000000fd280000)
 ParOldGen       total 75776K, used 6369K [0x0000000090a00000, 0x0000000095400000, 0x00000000dae00000)
  object space 75776K, 8% used [0x0000000090a00000,0x0000000091038718,0x0000000095400000)
 PSPermGen       total 21504K, used 19076K [0x0000000086400000, 0x0000000087900000, 0x0000000090a00000)
  object space 21504K, 88% used [0x0000000086400000,0x00000000876a10f0,0x0000000087900000)
Event: 144,196 GC heap after
Heap after GC invocations=64 (full 0):
 PSYoungGen      total 233472K, used 32K [0x00000000dae00000, 0x00000000fd280000, 0x0000000100000000)
  eden space 232960K, 0% used [0x00000000dae00000,0x00000000dae00000,0x00000000e9180000)
  from space 512K, 6% used [0x00000000fd200000,0x00000000fd208000,0x00000000fd280000)
  to   space 512K, 0% used [0x00000000fd180000,0x00000000fd180000,0x00000000fd200000)
 ParOldGen       total 75776K, used 6377K [0x0000000090a00000, 0x0000000095400000, 0x00000000dae00000)
  object space 75776K, 8% used [0x0000000090a00000,0x000000009103a718,0x0000000095400000)
 PSPermGen       total 21504K, used 19076K [0x0000000086400000, 0x0000000087900000, 0x0000000090a00000)
  object space 21504K, 88% used [0x0000000086400000,0x00000000876a10f0,0x0000000087900000)
}
Event: 144,363 GC heap before
{Heap before GC invocations=65 (full 0):
 PSYoungGen      total 233472K, used 232992K [0x00000000dae00000, 0x00000000fd280000, 0x0000000100000000)
  eden space 232960K, 100% used [0x00000000dae00000,0x00000000e9180000,0x00000000e9180000)
  from space 512K, 6% used [0x00000000fd200000,0x00000000fd208000,0x00000000fd280000)
  to   space 512K, 0% used [0x00000000fd180000,0x00000000fd180000,0x00000000fd200000)
 ParOldGen       total 75776K, used 6377K [0x0000000090a00000, 0x0000000095400000, 0x00000000dae00000)
  object space 75776K, 8% used [0x0000000090a00000,0x000000009103a718,0x0000000095400000)
 PSPermGen       total 21504K, used 19076K [0x0000000086400000, 0x0000000087900000, 0x0000000090a00000)
  object space 21504K, 88% used [0x0000000086400000,0x00000000876a10f0,0x0000000087900000)
Event: 144,364 GC heap after
Heap after GC invocations=65 (full 0):
 PSYoungGen      total 223232K, used 32K [0x00000000dae00000, 0x00000000fd280000, 0x0000000100000000)
  eden space 222720K, 0% used [0x00000000dae00000,0x00000000dae00000,0x00000000e8780000)
  from space 512K, 6% used [0x00000000fd180000,0x00000000fd188000,0x00000000fd200000)
  to   space 512K, 0% used [0x00000000fd200000,0x00000000fd200000,0x00000000fd280000)
 ParOldGen       total 75776K, used 6377K [0x0000000090a00000, 0x0000000095400000, 0x00000000dae00000)
  object space 75776K, 8% used [0x0000000090a00000,0x000000009103a718,0x0000000095400000)
 PSPermGen       total 21504K, used 19076K [0x0000000086400000, 0x0000000087900000, 0x0000000090a00000)
  object space 21504K, 88% used [0x0000000086400000,0x00000000876a10f0,0x0000000087900000)
}
Event: 144,524 GC heap before
{Heap before GC invocations=66 (full 0):
 PSYoungGen      total 223232K, used 222752K [0x00000000dae00000, 0x00000000fd280000, 0x0000000100000000)
  eden space 222720K, 100% used [0x00000000dae00000,0x00000000e8780000,0x00000000e8780000)
  from space 512K, 6% used [0x00000000fd180000,0x00000000fd188000,0x00000000fd200000)
  to   space 512K, 0% used [0x00000000fd200000,0x00000000fd200000,0x00000000fd280000)
 ParOldGen       total 75776K, used 6377K [0x0000000090a00000, 0x0000000095400000, 0x00000000dae00000)
  object space 75776K, 8% used [0x0000000090a00000,0x000000009103a718,0x0000000095400000)
 PSPermGen       total 21504K, used 19076K [0x0000000086400000, 0x0000000087900000, 0x0000000090a00000)
  object space 21504K, 88% used [0x0000000086400000,0x00000000876a10f0,0x0000000087900000)
Event: 144,525 GC heap after
Heap after GC invocations=66 (full 0):
 PSYoungGen      total 213504K, used 64K [0x00000000dae00000, 0x00000000fd280000, 0x0000000100000000)
  eden space 212992K, 0% used [0x00000000dae00000,0x00000000dae00000,0x00000000e7e00000)
  from space 512K, 12% used [0x00000000fd200000,0x00000000fd210000,0x00000000fd280000)
  to   space 512K, 0% used [0x00000000fd180000,0x00000000fd180000,0x00000000fd200000)
 ParOldGen       total 75776K, used 6385K [0x0000000090a00000, 0x0000000095400000, 0x00000000dae00000)
  object space 75776K, 8% used [0x0000000090a00000,0x000000009103c718,0x0000000095400000)
 PSPermGen       total 21504K, used 19076K [0x0000000086400000, 0x0000000087900000, 0x0000000090a00000)
  object space 21504K, 88% used [0x0000000086400000,0x00000000876a10f0,0x0000000087900000)
}

