# JRE version: OpenJDK Runtime Environment (7.0_79-b14) (build 1.7.0_79-b14)
# Java VM: OpenJDK 64-Bit Server VM (24.79-b02 mixed mode linux-amd64 compressed oops)
Heap
 PSYoungGen      total 33792K, used 6712K [0x00000000dae00000, 0x00000000df000000, 0x0000000100000000)
  eden space 29184K, 7% used [0x00000000dae00000,0x00000000db00f608,0x00000000dca80000)
  from space 4608K, 99% used [0x00000000deb80000,0x00000000deffecd0,0x00000000df000000)
  to   space 4608K, 0% used [0x00000000dca80000,0x00000000dca80000,0x00000000dcf00000)
 ParOldGen       total 75776K, used 2477K [0x0000000090a00000, 0x0000000095400000, 0x00000000dae00000)
  object space 75776K, 3% used [0x0000000090a00000,0x0000000090c6b610,0x0000000095400000)
 PSPermGen       total 21504K, used 21107K [0x0000000086400000, 0x0000000087900000, 0x0000000090a00000)
  object space 21504K, 98% used [0x0000000086400000,0x000000008789cd18,0x0000000087900000)
GC Heap History (4 events):
Event: 1,986 GC heap before
{Heap before GC invocations=1 (full 0):
 PSYoungGen      total 33792K, used 29184K [0x00000000dae00000, 0x00000000dd380000, 0x0000000100000000)
  eden space 29184K, 100% used [0x00000000dae00000,0x00000000dca80000,0x00000000dca80000)
  from space 4608K, 0% used [0x00000000dcf00000,0x00000000dcf00000,0x00000000dd380000)
  to   space 4608K, 0% used [0x00000000dca80000,0x00000000dca80000,0x00000000dcf00000)
 ParOldGen       total 75776K, used 0K [0x0000000090a00000, 0x0000000095400000, 0x00000000dae00000)
  object space 75776K, 0% used [0x0000000090a00000,0x0000000090a00000,0x0000000095400000)
 PSPermGen       total 21504K, used 16131K [0x0000000086400000, 0x0000000087900000, 0x0000000090a00000)
  object space 21504K, 75% used [0x0000000086400000,0x00000000873c0f80,0x0000000087900000)
Event: 2,007 GC heap after
Heap after GC invocations=1 (full 0):
 PSYoungGen      total 33792K, used 3747K [0x00000000dae00000, 0x00000000df000000, 0x0000000100000000)
  eden space 29184K, 0% used [0x00000000dae00000,0x00000000dae00000,0x00000000dca80000)
  from space 4608K, 81% used [0x00000000dca80000,0x00000000dce28fa0,0x00000000dcf00000)
  to   space 4608K, 0% used [0x00000000deb80000,0x00000000deb80000,0x00000000df000000)
 ParOldGen       total 75776K, used 0K [0x0000000090a00000, 0x0000000095400000, 0x00000000dae00000)
  object space 75776K, 0% used [0x0000000090a00000,0x0000000090a00000,0x0000000095400000)
 PSPermGen       total 21504K, used 16131K [0x0000000086400000, 0x0000000087900000, 0x0000000090a00000)
  object space 21504K, 75% used [0x0000000086400000,0x00000000873c0f80,0x0000000087900000)
}
Event: 46,997 GC heap before
{Heap before GC invocations=2 (full 0):
 PSYoungGen      total 33792K, used 32931K [0x00000000dae00000, 0x00000000df000000, 0x0000000100000000)
  eden space 29184K, 100% used [0x00000000dae00000,0x00000000dca80000,0x00000000dca80000)
  from space 4608K, 81% used [0x00000000dca80000,0x00000000dce28fa0,0x00000000dcf00000)
  to   space 4608K, 0% used [0x00000000deb80000,0x00000000deb80000,0x00000000df000000)
 ParOldGen       total 75776K, used 0K [0x0000000090a00000, 0x0000000095400000, 0x00000000dae00000)
  object space 75776K, 0% used [0x0000000090a00000,0x0000000090a00000,0x0000000095400000)
 PSPermGen       total 21504K, used 20979K [0x0000000086400000, 0x0000000087900000, 0x0000000090a00000)
  object space 21504K, 97% used [0x0000000086400000,0x000000008787cf58,0x0000000087900000)
Event: 47,012 GC heap after
Heap after GC invocations=2 (full 0):
 PSYoungGen      total 33792K, used 4603K [0x00000000dae00000, 0x00000000df000000, 0x0000000100000000)
  eden space 29184K, 0% used [0x00000000dae00000,0x00000000dae00000,0x00000000dca80000)
  from space 4608K, 99% used [0x00000000deb80000,0x00000000deffecd0,0x00000000df000000)
  to   space 4608K, 0% used [0x00000000dca80000,0x00000000dca80000,0x00000000dcf00000)
 ParOldGen       total 75776K, used 2477K [0x0000000090a00000, 0x0000000095400000, 0x00000000dae00000)
  object space 75776K, 3% used [0x0000000090a00000,0x0000000090c6b610,0x0000000095400000)
 PSPermGen       total 21504K, used 20979K [0x0000000086400000, 0x0000000087900000, 0x0000000090a00000)
  object space 21504K, 97% used [0x0000000086400000,0x000000008787cf58,0x0000000087900000)
}

