# JRE version: OpenJDK Runtime Environment (7.0_79-b14) (build 1.7.0_79-b14)
# Java VM: OpenJDK 64-Bit Server VM (24.79-b02 mixed mode linux-amd64 compressed oops)
Heap
 PSYoungGen      total 412672K, used 381838K [0x00000000dae00000, 0x00000000fd400000, 0x0000000100000000)
  eden space 411136K, 92% used [0x00000000dae00000,0x00000000f22d3a18,0x00000000f3f80000)
  from space 1536K, 4% used [0x00000000fd100000,0x00000000fd110000,0x00000000fd280000)
  to   space 1536K, 0% used [0x00000000fd280000,0x00000000fd280000,0x00000000fd400000)
 ParOldGen       total 75776K, used 13267K [0x0000000090a00000, 0x0000000095400000, 0x00000000dae00000)
  object space 75776K, 17% used [0x0000000090a00000,0x00000000916f4e98,0x0000000095400000)
 PSPermGen       total 22528K, used 22138K [0x0000000086400000, 0x0000000087a00000, 0x0000000090a00000)
  object space 22528K, 98% used [0x0000000086400000,0x000000008799e910,0x0000000087a00000)
GC Heap History (10 events):
Event: 32,781 GC heap before
{Heap before GC invocations=41 (full 0):
 PSYoungGen      total 317952K, used 317440K [0x00000000dae00000, 0x00000000fd700000, 0x0000000100000000)
  eden space 317440K, 100% used [0x00000000dae00000,0x00000000ee400000,0x00000000ee400000)
  from space 512K, 0% used [0x00000000fd680000,0x00000000fd680000,0x00000000fd700000)
  to   space 2048K, 0% used [0x00000000fd300000,0x00000000fd300000,0x00000000fd500000)
 ParOldGen       total 75776K, used 13251K [0x0000000090a00000, 0x0000000095400000, 0x00000000dae00000)
  object space 75776K, 17% used [0x0000000090a00000,0x00000000916f0e98,0x0000000095400000)
 PSPermGen       total 22528K, used 22101K [0x0000000086400000, 0x0000000087a00000, 0x0000000090a00000)
  object space 22528K, 98% used [0x0000000086400000,0x00000000879956f0,0x0000000087a00000)
Event: 32,783 GC heap after
Heap after GC invocations=41 (full 0):
 PSYoungGen      total 305152K, used 64K [0x00000000dae00000, 0x00000000fd700000, 0x0000000100000000)
  eden space 303104K, 0% used [0x00000000dae00000,0x00000000dae00000,0x00000000ed600000)
  from space 2048K, 3% used [0x00000000fd300000,0x00000000fd310000,0x00000000fd500000)
  to   space 2048K, 0% used [0x00000000fd500000,0x00000000fd500000,0x00000000fd700000)
 ParOldGen       total 75776K, used 13251K [0x0000000090a00000, 0x0000000095400000, 0x00000000dae00000)
  object space 75776K, 17% used [0x0000000090a00000,0x00000000916f0e98,0x0000000095400000)
 PSPermGen       total 22528K, used 22101K [0x0000000086400000, 0x0000000087a00000, 0x0000000090a00000)
  object space 22528K, 98% used [0x0000000086400000,0x00000000879956f0,0x0000000087a00000)
}
Event: 32,914 GC heap before
{Heap before GC invocations=42 (full 0):
 PSYoungGen      total 305152K, used 303168K [0x00000000dae00000, 0x00000000fd700000, 0x0000000100000000)
  eden space 303104K, 100% used [0x00000000dae00000,0x00000000ed600000,0x00000000ed600000)
  from space 2048K, 3% used [0x00000000fd300000,0x00000000fd310000,0x00000000fd500000)
  to   space 2048K, 0% used [0x00000000fd500000,0x00000000fd500000,0x00000000fd700000)
 ParOldGen       total 75776K, used 13251K [0x0000000090a00000, 0x0000000095400000, 0x00000000dae00000)
  object space 75776K, 17% used [0x0000000090a00000,0x00000000916f0e98,0x0000000095400000)
 PSPermGen       total 22528K, used 22101K [0x0000000086400000, 0x0000000087a00000, 0x0000000090a00000)
  object space 22528K, 98% used [0x0000000086400000,0x00000000879956f0,0x0000000087a00000)
Event: 32,916 GC heap after
Heap after GC invocations=42 (full 0):
 PSYoungGen      total 370688K, used 32K [0x00000000dae00000, 0x00000000fd580000, 0x0000000100000000)
  eden space 370176K, 0% used [0x00000000dae00000,0x00000000dae00000,0x00000000f1780000)
  from space 512K, 6% used [0x00000000fd500000,0x00000000fd508000,0x00000000fd580000)
  to   space 2048K, 0% used [0x00000000fd180000,0x00000000fd180000,0x00000000fd380000)
 ParOldGen       total 75776K, used 13259K [0x0000000090a00000, 0x0000000095400000, 0x00000000dae00000)
  object space 75776K, 17% used [0x0000000090a00000,0x00000000916f2e98,0x0000000095400000)
 PSPermGen       total 22528K, used 22101K [0x0000000086400000, 0x0000000087a00000, 0x0000000090a00000)
  object space 22528K, 98% used [0x0000000086400000,0x00000000879956f0,0x0000000087a00000)
}
Event: 33,075 GC heap before
{Heap before GC invocations=43 (full 0):
 PSYoungGen      total 370688K, used 370208K [0x00000000dae00000, 0x00000000fd580000, 0x0000000100000000)
  eden space 370176K, 100% used [0x00000000dae00000,0x00000000f1780000,0x00000000f1780000)
  from space 512K, 6% used [0x00000000fd500000,0x00000000fd508000,0x00000000fd580000)
  to   space 2048K, 0% used [0x00000000fd180000,0x00000000fd180000,0x00000000fd380000)
 ParOldGen       total 75776K, used 13259K [0x0000000090a00000, 0x0000000095400000, 0x00000000dae00000)
  object space 75776K, 17% used [0x0000000090a00000,0x00000000916f2e98,0x0000000095400000)
 PSPermGen       total 22528K, used 22101K [0x0000000086400000, 0x0000000087a00000, 0x0000000090a00000)
  object space 22528K, 98% used [0x0000000086400000,0x00000000879956f0,0x0000000087a00000)
Event: 33,077 GC heap after
Heap after GC invocations=43 (full 0):
 PSYoungGen      total 454144K, used 32K [0x00000000dae00000, 0x00000000fd580000, 0x0000000100000000)
  eden space 452096K, 0% used [0x00000000dae00000,0x00000000dae00000,0x00000000f6780000)
  from space 2048K, 1% used [0x00000000fd180000,0x00000000fd188000,0x00000000fd380000)
  to   space 2048K, 0% used [0x00000000fd380000,0x00000000fd380000,0x00000000fd580000)
 ParOldGen       total 75776K, used 13259K [0x0000000090a00000, 0x0000000095400000, 0x00000000dae00000)
  object space 75776K, 17% used [0x0000000090a00000,0x00000000916f2e98,0x0000000095400000)
 PSPermGen       total 22528K, used 22101K [0x0000000086400000, 0x0000000087a00000, 0x0000000090a00000)
  object space 22528K, 98% used [0x0000000086400000,0x00000000879956f0,0x0000000087a00000)
}
Event: 33,269 GC heap before
{Heap before GC invocations=44 (full 0):
 PSYoungGen      total 454144K, used 452128K [0x00000000dae00000, 0x00000000fd580000, 0x0000000100000000)
  eden space 452096K, 100% used [0x00000000dae00000,0x00000000f6780000,0x00000000f6780000)
  from space 2048K, 1% used [0x00000000fd180000,0x00000000fd188000,0x00000000fd380000)
  to   space 2048K, 0% used [0x00000000fd380000,0x00000000fd380000,0x00000000fd580000)
 ParOldGen       total 75776K, used 13259K [0x0000000090a00000, 0x0000000095400000, 0x00000000dae00000)
  object space 75776K, 17% used [0x0000000090a00000,0x00000000916f2e98,0x0000000095400000)
 PSPermGen       total 22528K, used 22101K [0x0000000086400000, 0x0000000087a00000, 0x0000000090a00000)
  object space 22528K, 98% used [0x0000000086400000,0x00000000879956f0,0x0000000087a00000)
Event: 33,270 GC heap after
Heap after GC invocations=44 (full 0):
 PSYoungGen      total 431616K, used 0K [0x00000000dae00000, 0x00000000fd400000, 0x0000000100000000)
  eden space 431104K, 0% used [0x00000000dae00000,0x00000000dae00000,0x00000000f5300000)
  from space 512K, 0% used [0x00000000fd380000,0x00000000fd380000,0x00000000fd400000)
  to   space 1536K, 0% used [0x00000000fd100000,0x00000000fd100000,0x00000000fd280000)
 ParOldGen       total 75776K, used 13267K [0x0000000090a00000, 0x0000000095400000, 0x00000000dae00000)
  object space 75776K, 17% used [0x0000000090a00000,0x00000000916f4e98,0x0000000095400000)
 PSPermGen       total 22528K, used 22101K [0x0000000086400000, 0x0000000087a00000, 0x0000000090a00000)
  object space 22528K, 98% used [0x0000000086400000,0x00000000879956f0,0x0000000087a00000)
}
Event: 33,452 GC heap before
{Heap before GC invocations=45 (full 0):
 PSYoungGen      total 431616K, used 431104K [0x00000000dae00000, 0x00000000fd400000, 0x0000000100000000)
  eden space 431104K, 100% used [0x00000000dae00000,0x00000000f5300000,0x00000000f5300000)
  from space 512K, 0% used [0x00000000fd380000,0x00000000fd380000,0x00000000fd400000)
  to   space 1536K, 0% used [0x00000000fd100000,0x00000000fd100000,0x00000000fd280000)
 ParOldGen       total 75776K, used 13267K [0x0000000090a00000, 0x0000000095400000, 0x00000000dae00000)
  object space 75776K, 17% used [0x0000000090a00000,0x00000000916f4e98,0x0000000095400000)
 PSPermGen       total 22528K, used 22101K [0x0000000086400000, 0x0000000087a00000, 0x0000000090a00000)
  object space 22528K, 98% used [0x0000000086400000,0x00000000879956f0,0x0000000087a00000)
Event: 33,453 GC heap after
Heap after GC invocations=45 (full 0):
 PSYoungGen      total 412672K, used 64K [0x00000000dae00000, 0x00000000fd400000, 0x0000000100000000)
  eden space 411136K, 0% used [0x00000000dae00000,0x00000000dae00000,0x00000000f3f80000)
  from space 1536K, 4% used [0x00000000fd100000,0x00000000fd110000,0x00000000fd280000)
  to   space 1536K, 0% used [0x00000000fd280000,0x00000000fd280000,0x00000000fd400000)
 ParOldGen       total 75776K, used 13267K [0x0000000090a00000, 0x0000000095400000, 0x00000000dae00000)
  object space 75776K, 17% used [0x0000000090a00000,0x00000000916f4e98,0x0000000095400000)
 PSPermGen       total 22528K, used 22101K [0x0000000086400000, 0x0000000087a00000, 0x0000000090a00000)
  object space 22528K, 98% used [0x0000000086400000,0x00000000879956f0,0x0000000087a00000)
}

