# JRE version: OpenJDK Runtime Environment (7.0_79-b14) (build 1.7.0_79-b14)
# Java VM: OpenJDK 64-Bit Server VM (24.79-b02 mixed mode linux-amd64 compressed oops)
Heap
 PSYoungGen      total 446464K, used 265550K [0x00000000dae00000, 0x00000000fec00000, 0x0000000100000000)
  eden space 445952K, 59% used [0x00000000dae00000,0x00000000eb143898,0x00000000f6180000)
  from space 512K, 12% used [0x00000000feb80000,0x00000000feb90000,0x00000000fec00000)
  to   space 4096K, 0% used [0x00000000fe400000,0x00000000fe400000,0x00000000fe800000)
 ParOldGen       total 75776K, used 8691K [0x0000000090a00000, 0x0000000095400000, 0x00000000dae00000)
  object space 75776K, 11% used [0x0000000090a00000,0x000000009127ccd8,0x0000000095400000)
 PSPermGen       total 21504K, used 21056K [0x0000000086400000, 0x0000000087900000, 0x0000000090a00000)
  object space 21504K, 97% used [0x0000000086400000,0x0000000087890110,0x0000000087900000)
GC Heap History (10 events):
Event: 24,983 GC heap before
{Heap before GC invocations=22 (full 0):
 PSYoungGen      total 567808K, used 567360K [0x00000000dae00000, 0x00000000ff980000, 0x0000000100000000)
  eden space 567296K, 100% used [0x00000000dae00000,0x00000000fd800000,0x00000000fd800000)
  from space 512K, 12% used [0x00000000ff380000,0x00000000ff390000,0x00000000ff400000)
  to   space 5632K, 0% used [0x00000000ff400000,0x00000000ff400000,0x00000000ff980000)
 ParOldGen       total 75776K, used 8683K [0x0000000090a00000, 0x0000000095400000, 0x00000000dae00000)
  object space 75776K, 11% used [0x0000000090a00000,0x000000009127acd8,0x0000000095400000)
 PSPermGen       total 21504K, used 19047K [0x0000000086400000, 0x0000000087900000, 0x0000000090a00000)
  object space 21504K, 88% used [0x0000000086400000,0x0000000087699f90,0x0000000087900000)
Event: 24,986 GC heap after
Heap after GC invocations=22 (full 0):
 PSYoungGen      total 541184K, used 32K [0x00000000dae00000, 0x00000000ff480000, 0x0000000100000000)
  eden space 540672K, 0% used [0x00000000dae00000,0x00000000dae00000,0x00000000fbe00000)
  from space 512K, 6% used [0x00000000ff400000,0x00000000ff408000,0x00000000ff480000)
  to   space 5120K, 0% used [0x00000000fea80000,0x00000000fea80000,0x00000000fef80000)
 ParOldGen       total 75776K, used 8683K [0x0000000090a00000, 0x0000000095400000, 0x00000000dae00000)
  object space 75776K, 11% used [0x0000000090a00000,0x000000009127acd8,0x0000000095400000)
 PSPermGen       total 21504K, used 19047K [0x0000000086400000, 0x0000000087900000, 0x0000000090a00000)
  object space 21504K, 88% used [0x0000000086400000,0x0000000087699f90,0x0000000087900000)
}
Event: 25,322 GC heap before
{Heap before GC invocations=23 (full 0):
 PSYoungGen      total 541184K, used 540704K [0x00000000dae00000, 0x00000000ff480000, 0x0000000100000000)
  eden space 540672K, 100% used [0x00000000dae00000,0x00000000fbe00000,0x00000000fbe00000)
  from space 512K, 6% used [0x00000000ff400000,0x00000000ff408000,0x00000000ff480000)
  to   space 5120K, 0% used [0x00000000fea80000,0x00000000fea80000,0x00000000fef80000)
 ParOldGen       total 75776K, used 8683K [0x0000000090a00000, 0x0000000095400000, 0x00000000dae00000)
  object space 75776K, 11% used [0x0000000090a00000,0x000000009127acd8,0x0000000095400000)
 PSPermGen       total 21504K, used 19047K [0x0000000086400000, 0x0000000087900000, 0x0000000090a00000)
  object space 21504K, 88% used [0x0000000086400000,0x0000000087699f90,0x0000000087900000)
Event: 25,324 GC heap after
Heap after GC invocations=23 (full 0):
 PSYoungGen      total 520192K, used 64K [0x00000000dae00000, 0x00000000ff480000, 0x0000000100000000)
  eden space 515072K, 0% used [0x00000000dae00000,0x00000000dae00000,0x00000000fa500000)
  from space 5120K, 1% used [0x00000000fea80000,0x00000000fea90000,0x00000000fef80000)
  to   space 5120K, 0% used [0x00000000fef80000,0x00000000fef80000,0x00000000ff480000)
 ParOldGen       total 75776K, used 8683K [0x0000000090a00000, 0x0000000095400000, 0x00000000dae00000)
  object space 75776K, 11% used [0x0000000090a00000,0x000000009127acd8,0x0000000095400000)
 PSPermGen       total 21504K, used 19047K [0x0000000086400000, 0x0000000087900000, 0x0000000090a00000)
  object space 21504K, 88% used [0x0000000086400000,0x0000000087699f90,0x0000000087900000)
}
Event: 25,576 GC heap before
{Heap before GC invocations=24 (full 0):
 PSYoungGen      total 520192K, used 515136K [0x00000000dae00000, 0x00000000ff480000, 0x0000000100000000)
  eden space 515072K, 100% used [0x00000000dae00000,0x00000000fa500000,0x00000000fa500000)
  from space 5120K, 1% used [0x00000000fea80000,0x00000000fea90000,0x00000000fef80000)
  to   space 5120K, 0% used [0x00000000fef80000,0x00000000fef80000,0x00000000ff480000)
 ParOldGen       total 75776K, used 8683K [0x0000000090a00000, 0x0000000095400000, 0x00000000dae00000)
  object space 75776K, 11% used [0x0000000090a00000,0x000000009127acd8,0x0000000095400000)
 PSPermGen       total 21504K, used 19047K [0x0000000086400000, 0x0000000087900000, 0x0000000090a00000)
  object space 21504K, 88% used [0x0000000086400000,0x0000000087699f90,0x0000000087900000)
Event: 25,577 GC heap after
Heap after GC invocations=24 (full 0):
 PSYoungGen      total 491520K, used 32K [0x00000000dae00000, 0x00000000ff000000, 0x0000000100000000)
  eden space 491008K, 0% used [0x00000000dae00000,0x00000000dae00000,0x00000000f8d80000)
  from space 512K, 6% used [0x00000000fef80000,0x00000000fef88000,0x00000000ff000000)
  to   space 4608K, 0% used [0x00000000fe700000,0x00000000fe700000,0x00000000feb80000)
 ParOldGen       total 75776K, used 8691K [0x0000000090a00000, 0x0000000095400000, 0x00000000dae00000)
  object space 75776K, 11% used [0x0000000090a00000,0x000000009127ccd8,0x0000000095400000)
 PSPermGen       total 21504K, used 19047K [0x0000000086400000, 0x0000000087900000, 0x0000000090a00000)
  object space 21504K, 88% used [0x0000000086400000,0x0000000087699f90,0x0000000087900000)
}
Event: 25,808 GC heap before
{Heap before GC invocations=25 (full 0):
 PSYoungGen      total 491520K, used 491040K [0x00000000dae00000, 0x00000000ff000000, 0x0000000100000000)
  eden space 491008K, 100% used [0x00000000dae00000,0x00000000f8d80000,0x00000000f8d80000)
  from space 512K, 6% used [0x00000000fef80000,0x00000000fef88000,0x00000000ff000000)
  to   space 4608K, 0% used [0x00000000fe700000,0x00000000fe700000,0x00000000feb80000)
 ParOldGen       total 75776K, used 8691K [0x0000000090a00000, 0x0000000095400000, 0x00000000dae00000)
  object space 75776K, 11% used [0x0000000090a00000,0x000000009127ccd8,0x0000000095400000)
 PSPermGen       total 21504K, used 19047K [0x0000000086400000, 0x0000000087900000, 0x0000000090a00000)
  object space 21504K, 88% used [0x0000000086400000,0x0000000087699f90,0x0000000087900000)
Event: 25,809 GC heap after
Heap after GC invocations=25 (full 0):
 PSYoungGen      total 472576K, used 32K [0x00000000dae00000, 0x00000000ff000000, 0x0000000100000000)
  eden space 467968K, 0% used [0x00000000dae00000,0x00000000dae00000,0x00000000f7700000)
  from space 4608K, 0% used [0x00000000fe700000,0x00000000fe708000,0x00000000feb80000)
  to   space 4608K, 0% used [0x00000000feb80000,0x00000000feb80000,0x00000000ff000000)
 ParOldGen       total 75776K, used 8691K [0x0000000090a00000, 0x0000000095400000, 0x00000000dae00000)
  object space 75776K, 11% used [0x0000000090a00000,0x000000009127ccd8,0x0000000095400000)
 PSPermGen       total 21504K, used 19047K [0x0000000086400000, 0x0000000087900000, 0x0000000090a00000)
  object space 21504K, 88% used [0x0000000086400000,0x0000000087699f90,0x0000000087900000)
}
Event: 26,124 GC heap before
{Heap before GC invocations=26 (full 0):
 PSYoungGen      total 472576K, used 468000K [0x00000000dae00000, 0x00000000ff000000, 0x0000000100000000)
  eden space 467968K, 100% used [0x00000000dae00000,0x00000000f7700000,0x00000000f7700000)
  from space 4608K, 0% used [0x00000000fe700000,0x00000000fe708000,0x00000000feb80000)
  to   space 4608K, 0% used [0x00000000feb80000,0x00000000feb80000,0x00000000ff000000)
 ParOldGen       total 75776K, used 8691K [0x0000000090a00000, 0x0000000095400000, 0x00000000dae00000)
  object space 75776K, 11% used [0x0000000090a00000,0x000000009127ccd8,0x0000000095400000)
 PSPermGen       total 21504K, used 19047K [0x0000000086400000, 0x0000000087900000, 0x0000000090a00000)
  object space 21504K, 88% used [0x0000000086400000,0x0000000087699f90,0x0000000087900000)
Event: 26,126 GC heap after
Heap after GC invocations=26 (full 0):
 PSYoungGen      total 446464K, used 64K [0x00000000dae00000, 0x00000000fec00000, 0x0000000100000000)
  eden space 445952K, 0% used [0x00000000dae00000,0x00000000dae00000,0x00000000f6180000)
  from space 512K, 12% used [0x00000000feb80000,0x00000000feb90000,0x00000000fec00000)
  to   space 4096K, 0% used [0x00000000fe400000,0x00000000fe400000,0x00000000fe800000)
 ParOldGen       total 75776K, used 8691K [0x0000000090a00000, 0x0000000095400000, 0x00000000dae00000)
  object space 75776K, 11% used [0x0000000090a00000,0x000000009127ccd8,0x0000000095400000)
 PSPermGen       total 21504K, used 19047K [0x0000000086400000, 0x0000000087900000, 0x0000000090a00000)
  object space 21504K, 88% used [0x0000000086400000,0x0000000087699f90,0x0000000087900000)
}

