# JRE version: OpenJDK Runtime Environment (7.0_79-b14) (build 1.7.0_79-b14)
# Java VM: OpenJDK 64-Bit Server VM (24.79-b02 mixed mode linux-amd64 compressed oops)
Heap
 PSYoungGen      total 468992K, used 205760K [0x00000000dae00000, 0x00000000fd180000, 0x0000000100000000)
  eden space 468480K, 43% used [0x00000000dae00000,0x00000000e76e80f0,0x00000000f7780000)
  from space 512K, 6% used [0x00000000fd080000,0x00000000fd088000,0x00000000fd100000)
  to   space 512K, 0% used [0x00000000fd100000,0x00000000fd100000,0x00000000fd180000)
 ParOldGen       total 75776K, used 12646K [0x0000000090a00000, 0x0000000095400000, 0x00000000dae00000)
  object space 75776K, 16% used [0x0000000090a00000,0x00000000916598b8,0x0000000095400000)
 PSPermGen       total 22528K, used 22167K [0x0000000086400000, 0x0000000087a00000, 0x0000000090a00000)
  object space 22528K, 98% used [0x0000000086400000,0x00000000879a5f48,0x0000000087a00000)
GC Heap History (10 events):
Event: 48,179 GC heap before
{Heap before GC invocations=69 (full 0):
 PSYoungGen      total 374272K, used 373760K [0x00000000dae00000, 0x00000000fd180000, 0x0000000100000000)
  eden space 373760K, 100% used [0x00000000dae00000,0x00000000f1b00000,0x00000000f1b00000)
  from space 512K, 0% used [0x00000000fd100000,0x00000000fd100000,0x00000000fd180000)
  to   space 512K, 0% used [0x00000000fd080000,0x00000000fd080000,0x00000000fd100000)
 ParOldGen       total 75776K, used 12630K [0x0000000090a00000, 0x0000000095400000, 0x00000000dae00000)
  object space 75776K, 16% used [0x0000000090a00000,0x00000000916558b8,0x0000000095400000)
 PSPermGen       total 22528K, used 22130K [0x0000000086400000, 0x0000000087a00000, 0x0000000090a00000)
  object space 22528K, 98% used [0x0000000086400000,0x000000008799c920,0x0000000087a00000)
Event: 48,181 GC heap after
Heap after GC invocations=69 (full 0):
 PSYoungGen      total 357376K, used 32K [0x00000000dae00000, 0x00000000fd180000, 0x0000000100000000)
  eden space 356864K, 0% used [0x00000000dae00000,0x00000000dae00000,0x00000000f0a80000)
  from space 512K, 6% used [0x00000000fd080000,0x00000000fd088000,0x00000000fd100000)
  to   space 512K, 0% used [0x00000000fd100000,0x00000000fd100000,0x00000000fd180000)
 ParOldGen       total 75776K, used 12630K [0x0000000090a00000, 0x0000000095400000, 0x00000000dae00000)
  object space 75776K, 16% used [0x0000000090a00000,0x00000000916558b8,0x0000000095400000)
 PSPermGen       total 22528K, used 22130K [0x0000000086400000, 0x0000000087a00000, 0x0000000090a00000)
  object space 22528K, 98% used [0x0000000086400000,0x000000008799c920,0x0000000087a00000)
}
Event: 48,349 GC heap before
{Heap before GC invocations=70 (full 0):
 PSYoungGen      total 357376K, used 356896K [0x00000000dae00000, 0x00000000fd180000, 0x0000000100000000)
  eden space 356864K, 100% used [0x00000000dae00000,0x00000000f0a80000,0x00000000f0a80000)
  from space 512K, 6% used [0x00000000fd080000,0x00000000fd088000,0x00000000fd100000)
  to   space 512K, 0% used [0x00000000fd100000,0x00000000fd100000,0x00000000fd180000)
 ParOldGen       total 75776K, used 12630K [0x0000000090a00000, 0x0000000095400000, 0x00000000dae00000)
  object space 75776K, 16% used [0x0000000090a00000,0x00000000916558b8,0x0000000095400000)
 PSPermGen       total 22528K, used 22130K [0x0000000086400000, 0x0000000087a00000, 0x0000000090a00000)
  object space 22528K, 98% used [0x0000000086400000,0x000000008799c920,0x0000000087a00000)
Event: 48,351 GC heap after
Heap after GC invocations=70 (full 0):
 PSYoungGen      total 340992K, used 0K [0x00000000dae00000, 0x00000000fd180000, 0x0000000100000000)
  eden space 340480K, 0% used [0x00000000dae00000,0x00000000dae00000,0x00000000efa80000)
  from space 512K, 0% used [0x00000000fd100000,0x00000000fd100000,0x00000000fd180000)
  to   space 512K, 0% used [0x00000000fd080000,0x00000000fd080000,0x00000000fd100000)
 ParOldGen       total 75776K, used 12638K [0x0000000090a00000, 0x0000000095400000, 0x00000000dae00000)
  object space 75776K, 16% used [0x0000000090a00000,0x00000000916578b8,0x0000000095400000)
 PSPermGen       total 22528K, used 22130K [0x0000000086400000, 0x0000000087a00000, 0x0000000090a00000)
  object space 22528K, 98% used [0x0000000086400000,0x000000008799c920,0x0000000087a00000)
}
Event: 48,541 GC heap before
{Heap before GC invocations=71 (full 0):
 PSYoungGen      total 340992K, used 340480K [0x00000000dae00000, 0x00000000fd180000, 0x0000000100000000)
  eden space 340480K, 100% used [0x00000000dae00000,0x00000000efa80000,0x00000000efa80000)
  from space 512K, 0% used [0x00000000fd100000,0x00000000fd100000,0x00000000fd180000)
  to   space 512K, 0% used [0x00000000fd080000,0x00000000fd080000,0x00000000fd100000)
 ParOldGen       total 75776K, used 12638K [0x0000000090a00000, 0x0000000095400000, 0x00000000dae00000)
  object space 75776K, 16% used [0x0000000090a00000,0x00000000916578b8,0x0000000095400000)
 PSPermGen       total 22528K, used 22130K [0x0000000086400000, 0x0000000087a00000, 0x0000000090a00000)
  object space 22528K, 98% used [0x0000000086400000,0x000000008799c920,0x0000000087a00000)
Event: 48,543 GC heap after
Heap after GC invocations=71 (full 0):
 PSYoungGen      total 325632K, used 32K [0x00000000dae00000, 0x00000000fd180000, 0x0000000100000000)
  eden space 325120K, 0% used [0x00000000dae00000,0x00000000dae00000,0x00000000eeb80000)
  from space 512K, 6% used [0x00000000fd080000,0x00000000fd088000,0x00000000fd100000)
  to   space 512K, 0% used [0x00000000fd100000,0x00000000fd100000,0x00000000fd180000)
 ParOldGen       total 75776K, used 12638K [0x0000000090a00000, 0x0000000095400000, 0x00000000dae00000)
  object space 75776K, 16% used [0x0000000090a00000,0x00000000916578b8,0x0000000095400000)
 PSPermGen       total 22528K, used 22130K [0x0000000086400000, 0x0000000087a00000, 0x0000000090a00000)
  object space 22528K, 98% used [0x0000000086400000,0x000000008799c920,0x0000000087a00000)
}
Event: 48,728 GC heap before
{Heap before GC invocations=72 (full 0):
 PSYoungGen      total 325632K, used 325152K [0x00000000dae00000, 0x00000000fd180000, 0x0000000100000000)
  eden space 325120K, 100% used [0x00000000dae00000,0x00000000eeb80000,0x00000000eeb80000)
  from space 512K, 6% used [0x00000000fd080000,0x00000000fd088000,0x00000000fd100000)
  to   space 512K, 0% used [0x00000000fd100000,0x00000000fd100000,0x00000000fd180000)
 ParOldGen       total 75776K, used 12638K [0x0000000090a00000, 0x0000000095400000, 0x00000000dae00000)
  object space 75776K, 16% used [0x0000000090a00000,0x00000000916578b8,0x0000000095400000)
 PSPermGen       total 22528K, used 22130K [0x0000000086400000, 0x0000000087a00000, 0x0000000090a00000)
  object space 22528K, 98% used [0x0000000086400000,0x000000008799c920,0x0000000087a00000)
Event: 48,731 GC heap after
Heap after GC invocations=72 (full 0):
 PSYoungGen      total 390656K, used 32K [0x00000000dae00000, 0x00000000fd180000, 0x0000000100000000)
  eden space 390144K, 0% used [0x00000000dae00000,0x00000000dae00000,0x00000000f2b00000)
  from space 512K, 6% used [0x00000000fd100000,0x00000000fd108000,0x00000000fd180000)
  to   space 512K, 0% used [0x00000000fd080000,0x00000000fd080000,0x00000000fd100000)
 ParOldGen       total 75776K, used 12638K [0x0000000090a00000, 0x0000000095400000, 0x00000000dae00000)
  object space 75776K, 16% used [0x0000000090a00000,0x00000000916578b8,0x0000000095400000)
 PSPermGen       total 22528K, used 22130K [0x0000000086400000, 0x0000000087a00000, 0x0000000090a00000)
  object space 22528K, 98% used [0x0000000086400000,0x000000008799c920,0x0000000087a00000)
}
Event: 48,965 GC heap before
{Heap before GC invocations=73 (full 0):
 PSYoungGen      total 390656K, used 390176K [0x00000000dae00000, 0x00000000fd180000, 0x0000000100000000)
  eden space 390144K, 100% used [0x00000000dae00000,0x00000000f2b00000,0x00000000f2b00000)
  from space 512K, 6% used [0x00000000fd100000,0x00000000fd108000,0x00000000fd180000)
  to   space 512K, 0% used [0x00000000fd080000,0x00000000fd080000,0x00000000fd100000)
 ParOldGen       total 75776K, used 12638K [0x0000000090a00000, 0x0000000095400000, 0x00000000dae00000)
  object space 75776K, 16% used [0x0000000090a00000,0x00000000916578b8,0x0000000095400000)
 PSPermGen       total 22528K, used 22130K [0x0000000086400000, 0x0000000087a00000, 0x0000000090a00000)
  object space 22528K, 98% used [0x0000000086400000,0x000000008799c920,0x0000000087a00000)
Event: 48,967 GC heap after
Heap after GC invocations=73 (full 0):
 PSYoungGen      total 468992K, used 32K [0x00000000dae00000, 0x00000000fd180000, 0x0000000100000000)
  eden space 468480K, 0% used [0x00000000dae00000,0x00000000dae00000,0x00000000f7780000)
  from space 512K, 6% used [0x00000000fd080000,0x00000000fd088000,0x00000000fd100000)
  to   space 512K, 0% used [0x00000000fd100000,0x00000000fd100000,0x00000000fd180000)
 ParOldGen       total 75776K, used 12646K [0x0000000090a00000, 0x0000000095400000, 0x00000000dae00000)
  object space 75776K, 16% used [0x0000000090a00000,0x00000000916598b8,0x0000000095400000)
 PSPermGen       total 22528K, used 22130K [0x0000000086400000, 0x0000000087a00000, 0x0000000090a00000)
  object space 22528K, 98% used [0x0000000086400000,0x000000008799c920,0x0000000087a00000)
}

