# JRE version: OpenJDK Runtime Environment (7.0_79-b14) (build 1.7.0_79-b14)
# Java VM: OpenJDK 64-Bit Server VM (24.79-b02 mixed mode linux-amd64 compressed oops)
Heap
 PSYoungGen      total 356352K, used 99327K [0x00000000dae00000, 0x00000000fe480000, 0x0000000100000000)
  eden space 352768K, 28% used [0x00000000dae00000,0x00000000e0ef7fe8,0x00000000f0680000)
  from space 3584K, 0% used [0x00000000fdd80000,0x00000000fdd88000,0x00000000fe100000)
  to   space 3072K, 0% used [0x00000000fe180000,0x00000000fe180000,0x00000000fe480000)
 ParOldGen       total 75776K, used 12255K [0x0000000090a00000, 0x0000000095400000, 0x00000000dae00000)
  object space 75776K, 16% used [0x0000000090a00000,0x00000000915f7f28,0x0000000095400000)
 PSPermGen       total 22528K, used 22131K [0x0000000086400000, 0x0000000087a00000, 0x0000000090a00000)
  object space 22528K, 98% used [0x0000000086400000,0x000000008799cd58,0x0000000087a00000)
GC Heap History (10 events):
Event: 37,693 GC heap before
{Heap before GC invocations=29 (full 0):
 PSYoungGen      total 446464K, used 446016K [0x00000000dae00000, 0x00000000feb00000, 0x0000000100000000)
  eden space 445952K, 100% used [0x00000000dae00000,0x00000000f6180000,0x00000000f6180000)
  from space 512K, 12% used [0x00000000fea80000,0x00000000fea90000,0x00000000feb00000)
  to   space 4608K, 0% used [0x00000000fe200000,0x00000000fe200000,0x00000000fe680000)
 ParOldGen       total 75776K, used 12231K [0x0000000090a00000, 0x0000000095400000, 0x00000000dae00000)
  object space 75776K, 16% used [0x0000000090a00000,0x00000000915f1f28,0x0000000095400000)
 PSPermGen       total 22528K, used 22093K [0x0000000086400000, 0x0000000087a00000, 0x0000000090a00000)
  object space 22528K, 98% used [0x0000000086400000,0x0000000087993678,0x0000000087a00000)
Event: 37,695 GC heap after
Heap after GC invocations=29 (full 0):
 PSYoungGen      total 430080K, used 32K [0x00000000dae00000, 0x00000000feb00000, 0x0000000100000000)
  eden space 425472K, 0% used [0x00000000dae00000,0x00000000dae00000,0x00000000f4d80000)
  from space 4608K, 0% used [0x00000000fe200000,0x00000000fe208000,0x00000000fe680000)
  to   space 4096K, 0% used [0x00000000fe700000,0x00000000fe700000,0x00000000feb00000)
 ParOldGen       total 75776K, used 12239K [0x0000000090a00000, 0x0000000095400000, 0x00000000dae00000)
  object space 75776K, 16% used [0x0000000090a00000,0x00000000915f3f28,0x0000000095400000)
 PSPermGen       total 22528K, used 22093K [0x0000000086400000, 0x0000000087a00000, 0x0000000090a00000)
  object space 22528K, 98% used [0x0000000086400000,0x0000000087993678,0x0000000087a00000)
}
Event: 37,875 GC heap before
{Heap before GC invocations=30 (full 0):
 PSYoungGen      total 430080K, used 425504K [0x00000000dae00000, 0x00000000feb00000, 0x0000000100000000)
  eden space 425472K, 100% used [0x00000000dae00000,0x00000000f4d80000,0x00000000f4d80000)
  from space 4608K, 0% used [0x00000000fe200000,0x00000000fe208000,0x00000000fe680000)
  to   space 4096K, 0% used [0x00000000fe700000,0x00000000fe700000,0x00000000feb00000)
 ParOldGen       total 75776K, used 12239K [0x0000000090a00000, 0x0000000095400000, 0x00000000dae00000)
  object space 75776K, 16% used [0x0000000090a00000,0x00000000915f3f28,0x0000000095400000)
 PSPermGen       total 22528K, used 22093K [0x0000000086400000, 0x0000000087a00000, 0x0000000090a00000)
  object space 22528K, 98% used [0x0000000086400000,0x0000000087993678,0x0000000087a00000)
Event: 37,877 GC heap after
Heap after GC invocations=30 (full 0):
 PSYoungGen      total 406528K, used 32K [0x00000000dae00000, 0x00000000fe780000, 0x0000000100000000)
  eden space 406016K, 0% used [0x00000000dae00000,0x00000000dae00000,0x00000000f3a80000)
  from space 512K, 6% used [0x00000000fe700000,0x00000000fe708000,0x00000000fe780000)
  to   space 4096K, 0% used [0x00000000fdf80000,0x00000000fdf80000,0x00000000fe380000)
 ParOldGen       total 75776K, used 12239K [0x0000000090a00000, 0x0000000095400000, 0x00000000dae00000)
  object space 75776K, 16% used [0x0000000090a00000,0x00000000915f3f28,0x0000000095400000)
 PSPermGen       total 22528K, used 22093K [0x0000000086400000, 0x0000000087a00000, 0x0000000090a00000)
  object space 22528K, 98% used [0x0000000086400000,0x0000000087993678,0x0000000087a00000)
}
Event: 38,047 GC heap before
{Heap before GC invocations=31 (full 0):
 PSYoungGen      total 406528K, used 406048K [0x00000000dae00000, 0x00000000fe780000, 0x0000000100000000)
  eden space 406016K, 100% used [0x00000000dae00000,0x00000000f3a80000,0x00000000f3a80000)
  from space 512K, 6% used [0x00000000fe700000,0x00000000fe708000,0x00000000fe780000)
  to   space 4096K, 0% used [0x00000000fdf80000,0x00000000fdf80000,0x00000000fe380000)
 ParOldGen       total 75776K, used 12239K [0x0000000090a00000, 0x0000000095400000, 0x00000000dae00000)
  object space 75776K, 16% used [0x0000000090a00000,0x00000000915f3f28,0x0000000095400000)
 PSPermGen       total 22528K, used 22093K [0x0000000086400000, 0x0000000087a00000, 0x0000000090a00000)
  object space 22528K, 98% used [0x0000000086400000,0x0000000087993678,0x0000000087a00000)
Event: 38,048 GC heap after
Heap after GC invocations=31 (full 0):
 PSYoungGen      total 391680K, used 0K [0x00000000dae00000, 0x00000000fe780000, 0x0000000100000000)
  eden space 387584K, 0% used [0x00000000dae00000,0x00000000dae00000,0x00000000f2880000)
  from space 4096K, 0% used [0x00000000fdf80000,0x00000000fdf80000,0x00000000fe380000)
  to   space 3584K, 0% used [0x00000000fe400000,0x00000000fe400000,0x00000000fe780000)
 ParOldGen       total 75776K, used 12247K [0x0000000090a00000, 0x0000000095400000, 0x00000000dae00000)
  object space 75776K, 16% used [0x0000000090a00000,0x00000000915f5f28,0x0000000095400000)
 PSPermGen       total 22528K, used 22093K [0x0000000086400000, 0x0000000087a00000, 0x0000000090a00000)
  object space 22528K, 98% used [0x0000000086400000,0x0000000087993678,0x0000000087a00000)
}
Event: 38,212 GC heap before
{Heap before GC invocations=32 (full 0):
 PSYoungGen      total 391680K, used 387584K [0x00000000dae00000, 0x00000000fe780000, 0x0000000100000000)
  eden space 387584K, 100% used [0x00000000dae00000,0x00000000f2880000,0x00000000f2880000)
  from space 4096K, 0% used [0x00000000fdf80000,0x00000000fdf80000,0x00000000fe380000)
  to   space 3584K, 0% used [0x00000000fe400000,0x00000000fe400000,0x00000000fe780000)
 ParOldGen       total 75776K, used 12247K [0x0000000090a00000, 0x0000000095400000, 0x00000000dae00000)
  object space 75776K, 16% used [0x0000000090a00000,0x00000000915f5f28,0x0000000095400000)
 PSPermGen       total 22528K, used 22093K [0x0000000086400000, 0x0000000087a00000, 0x0000000090a00000)
  object space 22528K, 98% used [0x0000000086400000,0x0000000087993678,0x0000000087a00000)
Event: 38,214 GC heap after
Heap after GC invocations=32 (full 0):
 PSYoungGen      total 370176K, used 64K [0x00000000dae00000, 0x00000000fe480000, 0x0000000100000000)
  eden space 369664K, 0% used [0x00000000dae00000,0x00000000dae00000,0x00000000f1700000)
  from space 512K, 12% used [0x00000000fe400000,0x00000000fe410000,0x00000000fe480000)
  to   space 3584K, 0% used [0x00000000fdd80000,0x00000000fdd80000,0x00000000fe100000)
 ParOldGen       total 75776K, used 12247K [0x0000000090a00000, 0x0000000095400000, 0x00000000dae00000)
  object space 75776K, 16% used [0x0000000090a00000,0x00000000915f5f28,0x0000000095400000)
 PSPermGen       total 22528K, used 22093K [0x0000000086400000, 0x0000000087a00000, 0x0000000090a00000)
  object space 22528K, 98% used [0x0000000086400000,0x0000000087993678,0x0000000087a00000)
}
Event: 38,366 GC heap before
{Heap before GC invocations=33 (full 0):
 PSYoungGen      total 370176K, used 369728K [0x00000000dae00000, 0x00000000fe480000, 0x0000000100000000)
  eden space 369664K, 100% used [0x00000000dae00000,0x00000000f1700000,0x00000000f1700000)
  from space 512K, 12% used [0x00000000fe400000,0x00000000fe410000,0x00000000fe480000)
  to   space 3584K, 0% used [0x00000000fdd80000,0x00000000fdd80000,0x00000000fe100000)
 ParOldGen       total 75776K, used 12247K [0x0000000090a00000, 0x0000000095400000, 0x00000000dae00000)
  object space 75776K, 16% used [0x0000000090a00000,0x00000000915f5f28,0x0000000095400000)
 PSPermGen       total 22528K, used 22093K [0x0000000086400000, 0x0000000087a00000, 0x0000000090a00000)
  object space 22528K, 98% used [0x0000000086400000,0x0000000087993678,0x0000000087a00000)
Event: 38,368 GC heap after
Heap after GC invocations=33 (full 0):
 PSYoungGen      total 356352K, used 32K [0x00000000dae00000, 0x00000000fe480000, 0x0000000100000000)
  eden space 352768K, 0% used [0x00000000dae00000,0x00000000dae00000,0x00000000f0680000)
  from space 3584K, 0% used [0x00000000fdd80000,0x00000000fdd88000,0x00000000fe100000)
  to   space 3072K, 0% used [0x00000000fe180000,0x00000000fe180000,0x00000000fe480000)
 ParOldGen       total 75776K, used 12255K [0x0000000090a00000, 0x0000000095400000, 0x00000000dae00000)
  object space 75776K, 16% used [0x0000000090a00000,0x00000000915f7f28,0x0000000095400000)
 PSPermGen       total 22528K, used 22093K [0x0000000086400000, 0x0000000087a00000, 0x0000000090a00000)
  object space 22528K, 98% used [0x0000000086400000,0x0000000087993678,0x0000000087a00000)
}

