# JRE version: OpenJDK Runtime Environment (7.0_79-b14) (build 1.7.0_79-b14)
# Java VM: OpenJDK 64-Bit Server VM (24.79-b02 mixed mode linux-amd64 compressed oops)
Heap
 PSYoungGen      total 33792K, used 25979K [0x00000000dae00000, 0x00000000dd380000, 0x0000000100000000)
  eden space 29184K, 80% used [0x00000000dae00000,0x00000000dc4dc4e8,0x00000000dca80000)
  from space 4608K, 55% used [0x00000000dcf00000,0x00000000dd1828f0,0x00000000dd380000)
  to   space 4608K, 0% used [0x00000000dca80000,0x00000000dca80000,0x00000000dcf00000)
 ParOldGen       total 75776K, used 4178K [0x0000000090a00000, 0x0000000095400000, 0x00000000dae00000)
  object space 75776K, 5% used [0x0000000090a00000,0x0000000090e148f0,0x0000000095400000)
 PSPermGen       total 22528K, used 22404K [0x0000000086400000, 0x0000000087a00000, 0x0000000090a00000)
  object space 22528K, 99% used [0x0000000086400000,0x00000000879e13e8,0x0000000087a00000)
GC Heap History (8 events):
Event: 11,656 GC heap before
{Heap before GC invocations=1 (full 0):
 PSYoungGen      total 33792K, used 29184K [0x00000000dae00000, 0x00000000dd380000, 0x0000000100000000)
  eden space 29184K, 100% used [0x00000000dae00000,0x00000000dca80000,0x00000000dca80000)
  from space 4608K, 0% used [0x00000000dcf00000,0x00000000dcf00000,0x00000000dd380000)
  to   space 4608K, 0% used [0x00000000dca80000,0x00000000dca80000,0x00000000dcf00000)
 ParOldGen       total 75776K, used 0K [0x0000000090a00000, 0x0000000095400000, 0x00000000dae00000)
  object space 75776K, 0% used [0x0000000090a00000,0x0000000090a00000,0x0000000095400000)
 PSPermGen       total 21504K, used 16372K [0x0000000086400000, 0x0000000087900000, 0x0000000090a00000)
  object space 21504K, 76% used [0x0000000086400000,0x00000000873fd290,0x0000000087900000)
Event: 11,666 GC heap after
Heap after GC invocations=1 (full 0):
 PSYoungGen      total 33792K, used 3559K [0x00000000dae00000, 0x00000000dd380000, 0x0000000100000000)
  eden space 29184K, 0% used [0x00000000dae00000,0x00000000dae00000,0x00000000dca80000)
  from space 4608K, 77% used [0x00000000dca80000,0x00000000dcdf9c48,0x00000000dcf00000)
  to   space 4608K, 0% used [0x00000000dcf00000,0x00000000dcf00000,0x00000000dd380000)
 ParOldGen       total 75776K, used 0K [0x0000000090a00000, 0x0000000095400000, 0x00000000dae00000)
  object space 75776K, 0% used [0x0000000090a00000,0x0000000090a00000,0x0000000095400000)
 PSPermGen       total 21504K, used 16372K [0x0000000086400000, 0x0000000087900000, 0x0000000090a00000)
  object space 21504K, 76% used [0x0000000086400000,0x00000000873fd290,0x0000000087900000)
}
Event: 31,597 GC heap before
{Heap before GC invocations=2 (full 0):
 PSYoungGen      total 33792K, used 32743K [0x00000000dae00000, 0x00000000dd380000, 0x0000000100000000)
  eden space 29184K, 100% used [0x00000000dae00000,0x00000000dca80000,0x00000000dca80000)
  from space 4608K, 77% used [0x00000000dca80000,0x00000000dcdf9c48,0x00000000dcf00000)
  to   space 4608K, 0% used [0x00000000dcf00000,0x00000000dcf00000,0x00000000dd380000)
 ParOldGen       total 75776K, used 0K [0x0000000090a00000, 0x0000000095400000, 0x00000000dae00000)
  object space 75776K, 0% used [0x0000000090a00000,0x0000000090a00000,0x0000000095400000)
 PSPermGen       total 21504K, used 19271K [0x0000000086400000, 0x0000000087900000, 0x0000000090a00000)
  object space 21504K, 89% used [0x0000000086400000,0x00000000876d1f70,0x0000000087900000)
Event: 31,615 GC heap after
Heap after GC invocations=2 (full 0):
 PSYoungGen      total 33792K, used 4580K [0x00000000dae00000, 0x00000000dd380000, 0x0000000100000000)
  eden space 29184K, 0% used [0x00000000dae00000,0x00000000dae00000,0x00000000dca80000)
  from space 4608K, 99% used [0x00000000dcf00000,0x00000000dd3790d0,0x00000000dd380000)
  to   space 4608K, 0% used [0x00000000dca80000,0x00000000dca80000,0x00000000dcf00000)
 ParOldGen       total 75776K, used 1606K [0x0000000090a00000, 0x0000000095400000, 0x00000000dae00000)
  object space 75776K, 2% used [0x0000000090a00000,0x0000000090b918d0,0x0000000095400000)
 PSPermGen       total 21504K, used 19271K [0x0000000086400000, 0x0000000087900000, 0x0000000090a00000)
  object space 21504K, 89% used [0x0000000086400000,0x00000000876d1f70,0x0000000087900000)
}
Event: 69,014 GC heap before
{Heap before GC invocations=3 (full 0):
 PSYoungGen      total 33792K, used 33764K [0x00000000dae00000, 0x00000000dd380000, 0x0000000100000000)
  eden space 29184K, 100% used [0x00000000dae00000,0x00000000dca80000,0x00000000dca80000)
  from space 4608K, 99% used [0x00000000dcf00000,0x00000000dd3790d0,0x00000000dd380000)
  to   space 4608K, 0% used [0x00000000dca80000,0x00000000dca80000,0x00000000dcf00000)
 ParOldGen       total 75776K, used 1606K [0x0000000090a00000, 0x0000000095400000, 0x00000000dae00000)
  object space 75776K, 2% used [0x0000000090a00000,0x0000000090b918d0,0x0000000095400000)
 PSPermGen       total 21504K, used 20656K [0x0000000086400000, 0x0000000087900000, 0x0000000090a00000)
  object space 21504K, 96% used [0x0000000086400000,0x000000008782c040,0x0000000087900000)
Event: 69,028 GC heap after
Heap after GC invocations=3 (full 0):
 PSYoungGen      total 33792K, used 4592K [0x00000000dae00000, 0x00000000dd380000, 0x0000000100000000)
  eden space 29184K, 0% used [0x00000000dae00000,0x00000000dae00000,0x00000000dca80000)
  from space 4608K, 99% used [0x00000000dca80000,0x00000000dcefc2f0,0x00000000dcf00000)
  to   space 4608K, 0% used [0x00000000dcf00000,0x00000000dcf00000,0x00000000dd380000)
 ParOldGen       total 75776K, used 4178K [0x0000000090a00000, 0x0000000095400000, 0x00000000dae00000)
  object space 75776K, 5% used [0x0000000090a00000,0x0000000090e148f0,0x0000000095400000)
 PSPermGen       total 21504K, used 20656K [0x0000000086400000, 0x0000000087900000, 0x0000000090a00000)
  object space 21504K, 96% used [0x0000000086400000,0x000000008782c040,0x0000000087900000)
}
Event: 94,526 GC heap before
{Heap before GC invocations=4 (full 0):
 PSYoungGen      total 33792K, used 33776K [0x00000000dae00000, 0x00000000dd380000, 0x0000000100000000)
  eden space 29184K, 100% used [0x00000000dae00000,0x00000000dca80000,0x00000000dca80000)
  from space 4608K, 99% used [0x00000000dca80000,0x00000000dcefc2f0,0x00000000dcf00000)
  to   space 4608K, 0% used [0x00000000dcf00000,0x00000000dcf00000,0x00000000dd380000)
 ParOldGen       total 75776K, used 4178K [0x0000000090a00000, 0x0000000095400000, 0x00000000dae00000)
  object space 75776K, 5% used [0x0000000090a00000,0x0000000090e148f0,0x0000000095400000)
 PSPermGen       total 21504K, used 21361K [0x0000000086400000, 0x0000000087900000, 0x0000000090a00000)
  object space 21504K, 99% used [0x0000000086400000,0x00000000878dc4f8,0x0000000087900000)
Event: 94,536 GC heap after
Heap after GC invocations=4 (full 0):
 PSYoungGen      total 33792K, used 2570K [0x00000000dae00000, 0x00000000dd380000, 0x0000000100000000)
  eden space 29184K, 0% used [0x00000000dae00000,0x00000000dae00000,0x00000000dca80000)
  from space 4608K, 55% used [0x00000000dcf00000,0x00000000dd1828f0,0x00000000dd380000)
  to   space 4608K, 0% used [0x00000000dca80000,0x00000000dca80000,0x00000000dcf00000)
 ParOldGen       total 75776K, used 4178K [0x0000000090a00000, 0x0000000095400000, 0x00000000dae00000)
  object space 75776K, 5% used [0x0000000090a00000,0x0000000090e148f0,0x0000000095400000)
 PSPermGen       total 21504K, used 21361K [0x0000000086400000, 0x0000000087900000, 0x0000000090a00000)
  object space 21504K, 99% used [0x0000000086400000,0x00000000878dc4f8,0x0000000087900000)
}

