# JRE version: OpenJDK Runtime Environment (7.0_79-b14) (build 1.7.0_79-b14)
# Java VM: OpenJDK 64-Bit Server VM (24.79-b02 mixed mode linux-amd64 compressed oops)
Heap
 PSYoungGen      total 33792K, used 28591K [0x00000000dae00000, 0x00000000dd380000, 0x0000000100000000)
  eden space 29184K, 82% used [0x00000000dae00000,0x00000000dc573590,0x00000000dca80000)
  from space 4608K, 99% used [0x00000000dcf00000,0x00000000dd378940,0x00000000dd380000)
  to   space 4608K, 0% used [0x00000000dca80000,0x00000000dca80000,0x00000000dcf00000)
 ParOldGen       total 75776K, used 1759K [0x0000000090a00000, 0x0000000095400000, 0x00000000dae00000)
  object space 75776K, 2% used [0x0000000090a00000,0x0000000090bb7e70,0x0000000095400000)
 PSPermGen       total 22016K, used 21895K [0x0000000086400000, 0x0000000087980000, 0x0000000090a00000)
  object space 22016K, 99% used [0x0000000086400000,0x0000000087961f78,0x0000000087980000)
GC Heap History (4 events):
Event: 2,017 GC heap before
{Heap before GC invocations=1 (full 0):
 PSYoungGen      total 33792K, used 29184K [0x00000000dae00000, 0x00000000dd380000, 0x0000000100000000)
  eden space 29184K, 100% used [0x00000000dae00000,0x00000000dca80000,0x00000000dca80000)
  from space 4608K, 0% used [0x00000000dcf00000,0x00000000dcf00000,0x00000000dd380000)
  to   space 4608K, 0% used [0x00000000dca80000,0x00000000dca80000,0x00000000dcf00000)
 ParOldGen       total 75776K, used 0K [0x0000000090a00000, 0x0000000095400000, 0x00000000dae00000)
  object space 75776K, 0% used [0x0000000090a00000,0x0000000090a00000,0x0000000095400000)
 PSPermGen       total 21504K, used 16127K [0x0000000086400000, 0x0000000087900000, 0x0000000090a00000)
  object space 21504K, 74% used [0x0000000086400000,0x00000000873bfe00,0x0000000087900000)
Event: 2,032 GC heap after
Heap after GC invocations=1 (full 0):
 PSYoungGen      total 33792K, used 3804K [0x00000000dae00000, 0x00000000dd380000, 0x0000000100000000)
  eden space 29184K, 0% used [0x00000000dae00000,0x00000000dae00000,0x00000000dca80000)
  from space 4608K, 82% used [0x00000000dca80000,0x00000000dce37370,0x00000000dcf00000)
  to   space 4608K, 0% used [0x00000000dcf00000,0x00000000dcf00000,0x00000000dd380000)
 ParOldGen       total 75776K, used 8K [0x0000000090a00000, 0x0000000095400000, 0x00000000dae00000)
  object space 75776K, 0% used [0x0000000090a00000,0x0000000090a02000,0x0000000095400000)
 PSPermGen       total 21504K, used 16127K [0x0000000086400000, 0x0000000087900000, 0x0000000090a00000)
  object space 21504K, 74% used [0x0000000086400000,0x00000000873bfe00,0x0000000087900000)
}
Event: 12,228 GC heap before
{Heap before GC invocations=2 (full 0):
 PSYoungGen      total 33792K, used 31550K [0x00000000dae00000, 0x00000000dd380000, 0x0000000100000000)
  eden space 29184K, 95% used [0x00000000dae00000,0x00000000dc9185d8,0x00000000dca80000)
  from space 4608K, 82% used [0x00000000dca80000,0x00000000dce37370,0x00000000dcf00000)
  to   space 4608K, 0% used [0x00000000dcf00000,0x00000000dcf00000,0x00000000dd380000)
 ParOldGen       total 75776K, used 8K [0x0000000090a00000, 0x0000000095400000, 0x00000000dae00000)
  object space 75776K, 0% used [0x0000000090a00000,0x0000000090a02000,0x0000000095400000)
 PSPermGen       total 21504K, used 19048K [0x0000000086400000, 0x0000000087900000, 0x0000000090a00000)
  object space 21504K, 88% used [0x0000000086400000,0x000000008769a270,0x0000000087900000)
Event: 12,244 GC heap after
Heap after GC invocations=2 (full 0):
 PSYoungGen      total 33792K, used 4578K [0x00000000dae00000, 0x00000000dd380000, 0x0000000100000000)
  eden space 29184K, 0% used [0x00000000dae00000,0x00000000dae00000,0x00000000dca80000)
  from space 4608K, 99% used [0x00000000dcf00000,0x00000000dd378940,0x00000000dd380000)
  to   space 4608K, 0% used [0x00000000dca80000,0x00000000dca80000,0x00000000dcf00000)
 ParOldGen       total 75776K, used 1759K [0x0000000090a00000, 0x0000000095400000, 0x00000000dae00000)
  object space 75776K, 2% used [0x0000000090a00000,0x0000000090bb7e70,0x0000000095400000)
 PSPermGen       total 21504K, used 19048K [0x0000000086400000, 0x0000000087900000, 0x0000000090a00000)
  object space 21504K, 88% used [0x0000000086400000,0x000000008769a270,0x0000000087900000)
}

